<?xml version="1.0" encoding="UTF-8"?>
<testsuites name="New Test Suite" time="9.914" tests="1" failures="0" errors="0">
   <testsuite name="New Test Suite" tests="1" failures="0" errors="0" time="9.914" skipped="0" timestamp="03-06-2024T17:09:28" hostname="hani.vo - 192.168.1.23" id="Test Suites/New Test Suite">
      <properties>
         <property name="deviceName" value=""/>
         <property name="devicePlatform" value=""/>
         <property name="logFolder" value="/Users/hani.vo/Desktop/web-mobile/Reports/20240603_170924/New Test Suite/20240603_170925"/>
         <property name="logFiles" value="/Users/hani.vo/Desktop/web-mobile/Reports/20240603_170924/New Test Suite/20240603_170925/execution0.log"/>
         <property name="attachments" value=""/>
         <property name="hostName" value="hani.vo - 192.168.1.23"/>
         <property name="os" value="Mac OS X 64bit"/>
         <property name="katalonVersion" value="9.4.0.212"/>
         <property name="browser" value="Chrome 125.0.0.0"/>
         <property name="hostAddress" value="192.168.1.23"/>
         <property name="sessionId" value="18296979e0a75ccbecf39d4fe6397516"/>
         <property name="seleniumVersion" value="3.141.59"/>
         <property name="proxyInformation" value="ProxyInformation { proxyOption=NO_PROXY, proxyServerType=HTTP, username=, password=********, proxyServerAddress=, proxyServerPort=0, executionList=&quot;&quot;, isApplyToDesiredCapabilities=true }"/>
         <property name="platform" value="Mac OS X"/>
      </properties>
      <testcase name="Test Cases/tc simple" time="9.799" classname="Test Cases/tc simple" status="PASSED">
         <system-out><![CDATA[03-06-2024T17:09:28 - [TEST_CASE][PASSED] - Test Cases/tc simple: Test Cases/tc simple

03-06-2024T17:09:28 - [TEST_STEP][PASSED] - openBrowser("https://www.google.com/"): Browser is opened with url: 'https://www.google.com/'

03-06-2024T17:09:28 - [MESSAGE][INFO] - Starting 'Chrome' driver

03-06-2024T17:09:28 - [MESSAGE][INFO] - Action delay is set to 0 milliseconds

03-06-2024T17:09:35 - [MESSAGE][PASSED] - Browser is opened with url: 'https://www.google.com/'

03-06-2024T17:09:35 - [TEST_STEP][PASSED] - delay(3): Delayed 3 second(s)

03-06-2024T17:09:38 - [MESSAGE][PASSED] - Delayed 3 second(s)]]></system-out>
         <system-err><![CDATA[]]></system-err>
      </testcase>
      <system-out><![CDATA[03-06-2024T17:09:28 - [TEST_SUITE][PASSED] - New Test Suite: Test Cases/tc simple]]></system-out>
      <system-err><![CDATA[]]></system-err>
   </testsuite>
</testsuites>
